<?xml version="1.0" encoding="UTF-8"?>
<testng-results ignored="0" total="1" passed="1" failed="0" skipped="0">
  <reporter-output>
  </reporter-output>
  <suite started-at="2022-09-23T17:27:09 IST" name="Default suite" finished-at="2022-09-23T17:27:14 IST" duration-ms="5811">
    <groups>
    </groups>
    <test started-at="2022-09-23T17:27:09 IST" name="Default test" finished-at="2022-09-23T17:27:14 IST" duration-ms="5811">
      <class name="vtiger.Practice.ICC_Cricket">
        <test-method signature="icc_Cricket()[pri:0, instance:vtiger.Practice.ICC_Cricket@932bc4a]" started-at="2022-09-23T17:27:09 IST" name="icc_Cricket" finished-at="2022-09-23T17:27:14 IST" duration-ms="5773" status="PASS">
          <reporter-output>
          </reporter-output>
        </test-method> <!-- icc_Cricket -->
      </class> <!-- vtiger.Practice.ICC_Cricket -->
    </test> <!-- Default test -->
  </suite> <!-- Default suite -->
</testng-results>
